Build started 09-08-2015 21:47:54.
     1>Project "X:\newserv\trunk\vcproj-10\char-server.vcxproj" on node 2 (build target(s)).
     1>InitializeBuildStatus:
         Touching "char-server\Debug\char-server.unsuccessfulbuild".
       ClCompile:
         All outputs are up-to-date.
       ManifestResourceCompile:
         All outputs are up-to-date.
       Link:
         C:\Program Files (x86)\Microsoft Visual Studio 10.0\VC\bin\link.exe /ERRORREPORT:PROMPT /OUT:"..\char-server.exe" /INCREMENTAL /NOLOGO /LIBPATH:..\3rdparty\mysql\lib libcmtd.lib oldnames.lib ws2_32.lib libmysql.lib kernel32.lib user32.lib gdi32.lib winspool.lib comdlg32.lib advapi32.lib shell32.lib ole32.lib oleaut32.lib uuid.lib odbc32.lib odbccp32.lib /NODEFAULTLIB /MANIFEST /ManifestFile:"char-server\Debug\char-server.exe.intermediate.manifest" /MANIFESTUAC:"level='asInvoker' uiAccess='false'" /DEBUG /PDB:"..\char-server.pdb" /SUBSYSTEM:CONSOLE /TLBID:1 /DYNAMICBASE:NO /IMPLIB:"..\char-server.lib" /MACHINE:X86 "char-server\Debug\char-server.exe.embed.manifest.res"
         "char-server\Debug\grammar.obj"
         "char-server\Debug\libconfig.obj"
         "char-server\Debug\scanctx.obj"
         "char-server\Debug\scanner.obj"
         "char-server\Debug\strbuf.obj"
         "char-server\Debug\mt19937ar.obj"
         "char-server\Debug\conf.obj"
         "char-server\Debug\core.obj"
         "char-server\Debug\console.obj"
         "char-server\Debug\db.obj"
         "char-server\Debug\ers.obj"
         "char-server\Debug\HPM.obj"
         "char-server\Debug\malloc.obj"
         "char-server\Debug\mapindex.obj"
         "char-server\Debug\mutex.obj"
         "char-server\Debug\nullpo.obj"
         "char-server\Debug\random.obj"
         "char-server\Debug\showmsg.obj"
         "char-server\Debug\socket.obj"
         "char-server\Debug\sql.obj"
         "char-server\Debug\strlib.obj"
         "char-server\Debug\sysinfo.obj"
         "char-server\Debug\thread.obj"
         "char-server\Debug\timer.obj"
         "char-server\Debug\utils.obj"
         "char-server\Debug\HPMchar.obj"
         "char-server\Debug\char.obj"
         "char-server\Debug\geoip.obj"
         "char-server\Debug\int_auction.obj"
         "char-server\Debug\int_elemental.obj"
         "char-server\Debug\int_guild.obj"
         "char-server\Debug\int_homun.obj"
         "char-server\Debug\int_mail.obj"
         "char-server\Debug\int_mercenary.obj"
         "char-server\Debug\int_party.obj"
         "char-server\Debug\int_pet.obj"
         "char-server\Debug\int_quest.obj"
         "char-server\Debug\int_storage.obj"
         "char-server\Debug\inter.obj"
         "char-server\Debug\loginif.obj"
         "char-server\Debug\mapif.obj"
         "char-server\Debug\pincode.obj"
            Creating library ..\char-server.lib and object ..\char-server.exp
       Manifest:
         C:\Program Files (x86)\Microsoft SDKs\Windows\v7.0A\bin\mt.exe /nologo /verbose /out:"char-server\Debug\char-server.exe.embed.manifest" /manifest "char-server\Debug\char-server.exe.intermediate.manifest"
         All outputs are up-to-date.
       LinkEmbedManifest:
         All outputs are up-to-date.
         char-server.vcxproj -> X:\newserv\trunk\vcproj-10\..\char-server.exe
       FinalizeBuildStatus:
         Deleting file "char-server\Debug\char-server.unsuccessfulbuild".
         Touching "char-server\Debug\char-server.lastbuildstate".
     1>Done Building Project "X:\newserv\trunk\vcproj-10\char-server.vcxproj" (build target(s)).

Build succeeded.

Time Elapsed 00:00:02.56
